Determining if the pthread_create exist failed with the following output:
Change Dir: /home/destinum/Documents/GrafikprogrammeringOchAlgoritmer/build/CMakeFiles/CMakeTmp

Run Build Command:"/usr/bin/ninja" "cmTC_fa7b6"
[1/2] Building C object CMakeFiles/cmTC_fa7b6.dir/CheckSymbolExists.c.o
[2/2] Linking C executable cmTC_fa7b6
FAILED: cmTC_fa7b6 
: && /usr/bin/x86_64-linux-gnu-gcc-7   -rdynamic CMakeFiles/cmTC_fa7b6.dir/CheckSymbolExists.c.o  -o cmTC_fa7b6   && :
CMakeFiles/cmTC_fa7b6.dir/CheckSymbolExists.c.o: In function `main':
CheckSymbolExists.c:(.text+0x1b): undefined reference to `pthread_create'
collect2: error: ld returned 1 exit status
ninja: build stopped: subcommand failed.

File /home/destinum/Documents/GrafikprogrammeringOchAlgoritmer/build/CMakeFiles/CMakeTmp/CheckSymbolExists.c:
/* */
#include <pthread.h>

int main(int argc, char** argv)
{
  (void)argv;
#ifndef pthread_create
  return ((int*)(&pthread_create))[argc];
#else
  (void)argc;
  return 0;
#endif
}

Determining if the function pthread_create exists in the pthreads failed with the following output:
Change Dir: /home/destinum/Documents/GrafikprogrammeringOchAlgoritmer/build/CMakeFiles/CMakeTmp

Run Build Command:"/usr/bin/ninja" "cmTC_58f9c"
[1/2] Building C object CMakeFiles/cmTC_58f9c.dir/CheckFunctionExists.c.o
[2/2] Linking C executable cmTC_58f9c
FAILED: cmTC_58f9c 
: && /usr/bin/x86_64-linux-gnu-gcc-7 -DCHECK_FUNCTION_EXISTS=pthread_create  -rdynamic CMakeFiles/cmTC_58f9c.dir/CheckFunctionExists.c.o  -o cmTC_58f9c  -lpthreads && :
/usr/bin/x86_64-linux-gnu-ld: cannot find -lpthreads
collect2: error: ld returned 1 exit status
ninja: build stopped: subcommand failed.


